Using pre-set license
Built from '2020.2/staging' branch; Version is '2020.2.3f1 (8ff31bc5bf5b) revision 9433883'; Using compiler version '192528614'; Build Type 'Release'
OS: 'Windows 10 Home; OS build 19041.804; Version 2004; 64bit' Language: 'en' Physical Memory: 16309 MB
BatchMode: 1, IsHumanControllingUs: 0, StartBugReporterOnCrash: 0, Is64bit: 1, IsPro: 0

 COMMAND LINE ARGUMENTS:
C:\Program Files\UnityVersions\2020.2.3f1\Editor\Unity.exe
-adb2
-batchMode
-noUpm
-name
AssetImportWorker0
-projectPath
C:/Users/ryand/GitHub/GE2-2020-2021/Game Engines 2 Examples 2021
-logFile
Logs/AssetImportWorker0.log
-srvPort
14299
Successfully changed project path to: C:/Users/ryand/GitHub/GE2-2020-2021/Game Engines 2 Examples 2021
C:/Users/ryand/GitHub/GE2-2020-2021/Game Engines 2 Examples 2021
Using Asset Import Pipeline V2.
Refreshing native plugins compatible for Editor in 36.11 ms, found 0 plugins.
Preloading 0 native plugins for Editor in 0.00 ms.
Initialize engine version: 2020.2.3f1 (8ff31bc5bf5b)
[Subsystems] Discovering subsystems at path C:/Program Files/UnityVersions/2020.2.3f1/Editor/Data/Resources/UnitySubsystems
[Subsystems] Discovering subsystems at path C:/Users/ryand/GitHub/GE2-2020-2021/Game Engines 2 Examples 2021/Assets
GfxDevice: creating device client; threaded=0
Direct3D:
    Version:  Direct3D 11.0 [level 11.1]
    Renderer: NVIDIA GeForce GTX 1050 Ti (ID=0x1c82)
    Vendor:   
    VRAM:     4018 MB
    Driver:   27.21.14.5751
Initialize mono
Mono path[0] = 'C:/Program Files/UnityVersions/2020.2.3f1/Editor/Data/Managed'
Mono path[1] = 'C:/Program Files/UnityVersions/2020.2.3f1/Editor/Data/MonoBleedingEdge/lib/mono/unityjit'
Mono config path = 'C:/Program Files/UnityVersions/2020.2.3f1/Editor/Data/MonoBleedingEdge/etc'
Using monoOptions --debugger-agent=transport=dt_socket,embedding=1,server=y,suspend=n,address=127.0.0.1:56696
Begin MonoManager ReloadAssembly
Registering precompiled unity dll's ...
Register platform support module: C:/Program Files/UnityVersions/2020.2.3f1/Editor/Data/PlaybackEngines/WindowsStandaloneSupport/UnityEditor.WindowsStandalone.Extensions.dll
Registered in 0.001505 seconds.
Native extension for WindowsStandalone target not found
Refreshing native plugins compatible for Editor in 27.89 ms, found 0 plugins.
Preloading 0 native plugins for Editor in 0.00 ms.
Invoked RoslynAnalysisRunner static constructor.
RoslynAnalysisRunner will not be running.
RoslynAnalysisRunner has terminated.
Mono: successfully reloaded assembly
- Completed reload, in  0.861 seconds
Platform modules already initialized, skipping
Registering precompiled user dll's ...
Registered in 0.001508 seconds.
Begin MonoManager ReloadAssembly
Native extension for WindowsStandalone target not found
Refreshing native plugins compatible for Editor in 0.34 ms, found 0 plugins.
Preloading 0 native plugins for Editor in 0.00 ms.
Invoked RoslynAnalysisRunner static constructor.
RoslynAnalysisRunner will not be running.
RoslynAnalysisRunner has terminated.
Mono: successfully reloaded assembly
- Completed reload, in  0.726 seconds
Platform modules already initialized, skipping
========================================================================
Worker process is ready to serve import requests
Launched and connected shader compiler UnityShaderCompiler.exe after 0.03 seconds
Refreshing native plugins compatible for Editor in 0.35 ms, found 0 plugins.
Preloading 0 native plugins for Editor in 0.00 ms.
Unloading 1384 Unused Serialized files (Serialized files now loaded: 0)
System memory in use before: 64.0 MB.
System memory in use after: 64.1 MB.

Unloading 33 unused Assets to reduce memory usage. Loaded Objects now: 1813.
Total: 1.642400 ms (FindLiveObjects: 0.152200 ms CreateObjectMapping: 0.042700 ms MarkObjects: 1.396000 ms  DeleteObjects: 0.050500 ms)

========================================================================
Received Import Request.
  path: Assets/Grey.mat
  artifactKey: Guid(bbcbfa2bce4e6124f8489fa65b7ee73a) Importer(815301076,1909f56bfc062723c751e8b465ee728b)
Start importing Assets/Grey.mat using Guid(bbcbfa2bce4e6124f8489fa65b7ee73a) Importer(815301076,1909f56bfc062723c751e8b465ee728b)  -> (artifact id: '9e14e6fd5648fa090836f597fbcb4960') in 0.290493 seconds
  Import took 0.292410 seconds .

========================================================================
Received Import Request.
  Time since last request: 0.000193 seconds.
  path: Assets/Green.mat
  artifactKey: Guid(eb0332c136a05ef46a93eb918a33f9fb) Importer(815301076,1909f56bfc062723c751e8b465ee728b)
Start importing Assets/Green.mat using Guid(eb0332c136a05ef46a93eb918a33f9fb) Importer(815301076,1909f56bfc062723c751e8b465ee728b)  -> (artifact id: 'fc63d1694ab05e36f2341c48783545d3') in 0.013898 seconds
  Import took 0.015708 seconds .

========================================================================
Received Import Request.
  Time since last request: 0.000167 seconds.
  path: Assets/Red.mat
  artifactKey: Guid(843f6d1cfb3e400488d39e6cdbf16ca6) Importer(815301076,1909f56bfc062723c751e8b465ee728b)
Start importing Assets/Red.mat using Guid(843f6d1cfb3e400488d39e6cdbf16ca6) Importer(815301076,1909f56bfc062723c751e8b465ee728b)  -> (artifact id: 'bd161048ebc0f197331d234088b33b2f') in 0.013558 seconds
  Import took 0.015437 seconds .

========================================================================
Received Import Request.
  Time since last request: 0.000178 seconds.
  path: Assets/Blue.mat
  artifactKey: Guid(075238fde891a204ca8b06cb5214ac69) Importer(815301076,1909f56bfc062723c751e8b465ee728b)
Start importing Assets/Blue.mat using Guid(075238fde891a204ca8b06cb5214ac69) Importer(815301076,1909f56bfc062723c751e8b465ee728b)  -> (artifact id: 'd4383cde292c58873007cae3862a82c2') in 0.014233 seconds
  Import took 0.016036 seconds .

========================================================================
Received Import Request.
  Time since last request: 25.933880 seconds.
  path: Assets/Scenes
  artifactKey: Guid(e88556ebbab604a4e808813b6e53b270) Importer(815301076,1909f56bfc062723c751e8b465ee728b)
Start importing Assets/Scenes using Guid(e88556ebbab604a4e808813b6e53b270) Importer(815301076,1909f56bfc062723c751e8b465ee728b)  -> (artifact id: 'a1de4f348e9a5d7e6ebe53fac431a37c') in 0.006117 seconds
  Import took 0.008446 seconds .

========================================================================
Received Import Request.
  Time since last request: 0.006386 seconds.
  path: Assets/Scenes
  artifactKey: Guid(e88556ebbab604a4e808813b6e53b270) Importer(815301076,1909f56bfc062723c751e8b465ee728b)
Start importing Assets/Scenes using Guid(e88556ebbab604a4e808813b6e53b270) Importer(815301076,1909f56bfc062723c751e8b465ee728b)  -> (artifact id: 'a1de4f348e9a5d7e6ebe53fac431a37c') in 0.002404 seconds
  Import took 0.004578 seconds .

========================================================================
Received Import Request.
  Time since last request: 1.584778 seconds.
  path: Assets/Scenes/PursueAndPathFollowWithComponents.unity
  artifactKey: Guid(3ed0c7388a1298345b32d4f912444c2a) Importer(815301076,1909f56bfc062723c751e8b465ee728b)
Start importing Assets/Scenes/PursueAndPathFollowWithComponents.unity using Guid(3ed0c7388a1298345b32d4f912444c2a) Importer(815301076,1909f56bfc062723c751e8b465ee728b)  -> (artifact id: '26221603edbab00e6fdaf8d5f65008c6') in 0.006238 seconds
  Import took 0.008211 seconds .

========================================================================
Received Import Request.
  Time since last request: 1.716447 seconds.
  path: Assets/Scenes/PlayerSteering.unity
  artifactKey: Guid(a270c309782de6347b518c5496806ea4) Importer(815301076,1909f56bfc062723c751e8b465ee728b)
Start importing Assets/Scenes/PlayerSteering.unity using Guid(a270c309782de6347b518c5496806ea4) Importer(815301076,1909f56bfc062723c751e8b465ee728b)  -> (artifact id: 'eb1bb330dadb0c6b4e013827c9f4be67') in 0.005337 seconds
  Import took 0.007234 seconds .

========================================================================
Received Import Request.
  Time since last request: 0.786005 seconds.
  path: Assets/Scenes/PathFollowing.unity
  artifactKey: Guid(1e10d4fb6ea5e0e488b57816623d7978) Importer(815301076,1909f56bfc062723c751e8b465ee728b)
Start importing Assets/Scenes/PathFollowing.unity using Guid(1e10d4fb6ea5e0e488b57816623d7978) Importer(815301076,1909f56bfc062723c751e8b465ee728b)  -> (artifact id: 'afb5f444052ccb80993adb2c24a4d2f3') in 0.005723 seconds
  Import took 0.007651 seconds .

========================================================================
Received Import Request.
  Time since last request: 1.091988 seconds.
  path: Assets/Scenes/OffsetPursue.unity
  artifactKey: Guid(ad04b12d921735448b7787c8c5f9e963) Importer(815301076,1909f56bfc062723c751e8b465ee728b)
Start importing Assets/Scenes/OffsetPursue.unity using Guid(ad04b12d921735448b7787c8c5f9e963) Importer(815301076,1909f56bfc062723c751e8b465ee728b)  -> (artifact id: 'ad82b8df5a8a3ff0bc7a20f9be6a0d14') in 0.005460 seconds
  Import took 0.007363 seconds .

========================================================================
Received Prepare
Registering precompiled user dll's ...
Registered in 0.001427 seconds.
Begin MonoManager ReloadAssembly
Native extension for WindowsStandalone target not found
Refreshing native plugins compatible for Editor in 0.33 ms, found 0 plugins.
Preloading 0 native plugins for Editor in 0.00 ms.
Invoked RoslynAnalysisRunner static constructor.
RoslynAnalysisRunner will not be running.
RoslynAnalysisRunner has terminated.
Mono: successfully reloaded assembly
- Completed reload, in  0.654 seconds
Platform modules already initialized, skipping
Refreshing native plugins compatible for Editor in 0.35 ms, found 0 plugins.
Preloading 0 native plugins for Editor in 0.00 ms.
Unloading 1378 Unused Serialized files (Serialized files now loaded: 0)
System memory in use before: 67.3 MB.
System memory in use after: 67.4 MB.

Unloading 24 unused Assets to reduce memory usage. Loaded Objects now: 1855.
Total: 1.454300 ms (FindLiveObjects: 0.175100 ms CreateObjectMapping: 0.045100 ms MarkObjects: 1.213400 ms  DeleteObjects: 0.020000 ms)

========================================================================
Received Import Request.
  Time since last request: 384.865567 seconds.
  path: Assets/Flee.cs
  artifactKey: Guid(cb42b9df124f72d40a97d04eebefb5a2) Importer(815301076,1909f56bfc062723c751e8b465ee728b)
Start importing Assets/Flee.cs using Guid(cb42b9df124f72d40a97d04eebefb5a2) Importer(815301076,1909f56bfc062723c751e8b465ee728b)  -> (artifact id: '91a64c4934ec4163021023e91a381a46') in 0.009912 seconds
  Import took 0.011817 seconds .

========================================================================
Received Import Request.
  Time since last request: 14.795714 seconds.
  path: Assets/SteeringBehaviour.cs
  artifactKey: Guid(297cd124878971c46b54beab2bb726c9) Importer(815301076,1909f56bfc062723c751e8b465ee728b)
Start importing Assets/SteeringBehaviour.cs using Guid(297cd124878971c46b54beab2bb726c9) Importer(815301076,1909f56bfc062723c751e8b465ee728b)  -> (artifact id: 'ba10aaa684ef0e784f89be9adfe7a9c0') in 0.005075 seconds
  Import took 0.007128 seconds .

========================================================================
Received Import Request.
  Time since last request: 63.194948 seconds.
  path: Assets/EscapeToQuit.cs
  artifactKey: Guid(f94d0867ffc997641bcbb6c599694088) Importer(815301076,1909f56bfc062723c751e8b465ee728b)
Start importing Assets/EscapeToQuit.cs using Guid(f94d0867ffc997641bcbb6c599694088) Importer(815301076,1909f56bfc062723c751e8b465ee728b)  -> (artifact id: 'a19474fe50c5be5cb7c59d87b8b81bfe') in 0.006293 seconds
  Import took 0.008306 seconds .

AssetImportWorkerClient::OnTransportError - code=2 error=End of file
